<?xml version="1.0" encoding="UTF-8"?>
<!-- Generated by org.testng.reporters.JUnitReportReporter -->
<testsuite hostname="Unknown-" failures="0" tests="4" name="com.employeeApi_TestCase.T002_Get_Sigle_Employee_Record" time="0.018" errors="0" timestamp="2023-03-06T03:01:34 EST" skipped="0">
  <testcase classname="com.employeeApi_TestCase.T002_Get_Sigle_Employee_Record" name="CheckStatusLine" time="0.004"/>
  <system-out/>
  <testcase classname="com.employeeApi_TestCase.T002_Get_Sigle_Employee_Record" name="checkStatusCode" time="0.006"/>
  <system-out/>
  <testcase classname="com.employeeApi_TestCase.T002_Get_Sigle_Employee_Record" name="checkResponseBody" time="0.005"/>
  <system-out/>
  <testcase classname="com.employeeApi_TestCase.T002_Get_Sigle_Employee_Record" name="verifyElementsOfHeader" time="0.003"/>
  <system-out/>
</testsuite> <!-- com.employeeApi_TestCase.T002_Get_Sigle_Employee_Record -->
