<?xml version="1.0" encoding="UTF-8"?>
<!-- Generated by org.testng.reporters.JUnitReportReporter -->
<testsuite hostname="Unknown-" failures="0" tests="2" name="com.employeeApi_TestCase.T004_Put_Request_For_Update" time="0.005" errors="0" timestamp="2023-03-06T03:01:34 EST" skipped="0">
  <testcase classname="com.employeeApi_TestCase.T004_Put_Request_For_Update" name="checkStatusCode" time="0.002"/>
  <system-out/>
  <testcase classname="com.employeeApi_TestCase.T004_Put_Request_For_Update" name="verifyResponseBody" time="0.003"/>
  <system-out/>
</testsuite> <!-- com.employeeApi_TestCase.T004_Put_Request_For_Update -->
