<?xml version="1.0" encoding="UTF-8"?>
<!-- Generated by org.testng.reporters.JUnitReportReporter -->
<testsuite hostname="Unknown-" failures="0" tests="1" name="com.employeeApi_TestCase.dummy" time="0.005" errors="0" timestamp="2023-03-04T17:46:03 EST" skipped="0">
  <testcase classname="com.employeeApi_TestCase.dummy" name="checkStatusCode" time="0.005"/>
  <system-out/>
</testsuite> <!-- com.employeeApi_TestCase.dummy -->
