<?xml version="1.0" encoding="UTF-8"?>
<!-- Generated by org.testng.reporters.JUnitReportReporter -->
<testsuite hostname="Unknown-" failures="0" tests="3" name="com.employeeApi_TestCase.T005_DataDrivenTest" time="9.995" errors="0" timestamp="2023-03-06T00:52:31 EST" skipped="0">
  <testcase classname="com.employeeApi_TestCase.T005_DataDrivenTest" name="getAllEmployee" time="3.366"/>
  <system-out/>
  <testcase classname="com.employeeApi_TestCase.T005_DataDrivenTest" name="getAllEmployee" time="3.328"/>
  <system-out/>
  <testcase classname="com.employeeApi_TestCase.T005_DataDrivenTest" name="getAllEmployee" time="3.301"/>
  <system-out/>
</testsuite> <!-- com.employeeApi_TestCase.T005_DataDrivenTest -->
