<?xml version="1.0" encoding="UTF-8"?>
<!-- Generated by org.testng.reporters.JUnitReportReporter -->
<testsuite hostname="Unknown-" failures="0" tests="3" name="com.employeeApi_TestCase.T005_DataDrivenTest_hardCodedData" time="13.460" errors="0" timestamp="2023-03-06T03:34:21 EST" skipped="0">
  <testcase classname="com.employeeApi_TestCase.T005_DataDrivenTest_hardCodedData" name="getAllEmployee" time="3.381"/>
  <system-out/>
  <testcase classname="com.employeeApi_TestCase.T005_DataDrivenTest_hardCodedData" name="getAllEmployee" time="6.698"/>
  <system-out/>
  <testcase classname="com.employeeApi_TestCase.T005_DataDrivenTest_hardCodedData" name="getAllEmployee" time="3.381"/>
  <system-out/>
</testsuite> <!-- com.employeeApi_TestCase.T005_DataDrivenTest_hardCodedData -->
