<?xml version="1.0" encoding="UTF-8"?>
<!-- Generated by org.testng.reporters.JUnitReportReporter -->
<testsuite hostname="Unknown-" failures="0" tests="4" name="com.employeeApi_TestCase.T001_GET_AllEmployee" time="0.067" errors="0" timestamp="2023-03-06T03:01:34 EST" skipped="0">
  <testcase classname="com.employeeApi_TestCase.T001_GET_AllEmployee" name="verifyElementsOfHeader" time="0.008"/>
  <system-out/>
  <testcase classname="com.employeeApi_TestCase.T001_GET_AllEmployee" name="CheckStatusLine" time="0.010"/>
  <system-out/>
  <testcase classname="com.employeeApi_TestCase.T001_GET_AllEmployee" name="checkResponseBody" time="0.042"/>
  <system-out/>
  <testcase classname="com.employeeApi_TestCase.T001_GET_AllEmployee" name="checkStatusCode" time="0.007"/>
  <system-out/>
</testsuite> <!-- com.employeeApi_TestCase.T001_GET_AllEmployee -->
