<?xml version="1.0" encoding="UTF-8"?>
<!-- Generated by org.testng.reporters.JUnitReportReporter -->
<testsuite hostname="Unknown-" failures="0" tests="2" name="com.employeeApi_TestCase.T003_Post_CresteNewRecordInDatabase" time="0.007" errors="0" timestamp="2023-03-06T03:01:34 EST" skipped="0">
  <testcase classname="com.employeeApi_TestCase.T003_Post_CresteNewRecordInDatabase" name="verifyResponseBody" time="0.004"/>
  <system-out/>
  <testcase classname="com.employeeApi_TestCase.T003_Post_CresteNewRecordInDatabase" name="checkStatusCode" time="0.003"/>
  <system-out/>
</testsuite> <!-- com.employeeApi_TestCase.T003_Post_CresteNewRecordInDatabase -->
