<?xml version="1.0" encoding="UTF-8"?>
<!-- Generated by org.testng.reporters.JUnitReportReporter -->
<testsuite hostname="Unknown-" failures="0" tests="3" name="com.employeeApi_TestCase.DataDrivenTest" time="10.143" errors="0" timestamp="2023-03-06T00:45:42 EST" skipped="0">
  <testcase classname="com.employeeApi_TestCase.DataDrivenTest" name="getAllEmployee" time="3.329"/>
  <system-out/>
  <testcase classname="com.employeeApi_TestCase.DataDrivenTest" name="getAllEmployee" time="3.445"/>
  <system-out/>
  <testcase classname="com.employeeApi_TestCase.DataDrivenTest" name="getAllEmployee" time="3.369"/>
  <system-out/>
</testsuite> <!-- com.employeeApi_TestCase.DataDrivenTest -->
